%!Adobe-FontList 1.11
%Locale:0x409

%BeginFont
Handler:DirectoryHandler
FontType:TrueType
FontName:FontAwesome
FamilyName:FontAwesome
StyleName:Regular
FullName:FontAwesome Regular
MenuName:FontAwesome
StyleBits:0
WritingScript:Roman
OutlineFileName:D:\Dropbox\Others\Web\igem\Font\fontawesome-webfont.ttf.ttf
DataFormat:sfntData
FileLength:55096
FileModTime:1397464918
WeightClass:400
WidthClass:5
AngleClass:0
%EndFont

%BeginFont
Handler:DirectoryHandler
FontType:Invalid
OutlineFileName:D:\Dropbox\Others\Web\igem\Font\fontawesome-webfont.woff
FileModTime:1397464918
%EndFont

